<?xml version="1.0" encoding="UTF-8"?>
<testng-results total="3" passed="3" failed="0" skipped="0">
  <reporter-output>
  </reporter-output>
  <suite started-at="2020-05-30T16:25:29Z" name="TestLink Project" finished-at="2020-05-30T16:25:55Z" duration-ms="25733">
    <groups>
    </groups>
    <test started-at="2020-05-30T16:25:29Z" name="login" finished-at="2020-05-30T16:25:39Z" duration-ms="10641">
      <class name="TestLink.TestCases.login.TS_TL_001_Authentication">
        <test-method signature="authenticationValidCase(java.lang.String, java.lang.String)[pri:0, instance:TestLink.TestCases.login.TS_TL_001_Authentication@1caa0244]" started-at="2020-05-30T17:25:31Z" name="authenticationValidCase" data-provider="LoginDataValidCase" finished-at="2020-05-30T17:25:39Z" duration-ms="8102" status="PASS">
          <params>
            <param index="0">
              <value>
                <![CDATA[admin]]>
              </value>
            </param>
            <param index="1">
              <value>
                <![CDATA[admin]]>
              </value>
            </param>
          </params>
          <reporter-output>
          </reporter-output>
        </test-method> <!-- authenticationValidCase -->
      </class> <!-- TestLink.TestCases.login.TS_TL_001_Authentication -->
    </test> <!-- login -->
    <test started-at="2020-05-30T16:25:39Z" name="UserManagement" finished-at="2020-05-30T16:25:55Z" duration-ms="15041">
      <class name="TestLink.TestCases.login.TS_TL_001_Authentication">
        <test-method is-config="true" signature="setup()[pri:0, instance:TestLink.TestCases.login.TS_TL_001_Authentication@1caa0244]" started-at="2020-05-30T17:25:21Z" name="setup" finished-at="2020-05-30T17:25:29Z" duration-ms="8258" status="PASS">
          <reporter-output>
          </reporter-output>
        </test-method> <!-- setup -->
        <test-method is-config="true" signature="teardown()[pri:0, instance:TestLink.TestCases.login.TS_TL_001_Authentication@1caa0244]" started-at="2020-05-30T17:25:55Z" name="teardown" finished-at="2020-05-30T17:25:55Z" duration-ms="817" status="PASS">
          <reporter-output>
          </reporter-output>
        </test-method> <!-- teardown -->
      </class> <!-- TestLink.TestCases.login.TS_TL_001_Authentication -->
      <class name="TestLink.TestCases.userManagement.TS_TL_003_AddUser">
        <test-method signature="CreateUserValidCase(java.lang.String, java.lang.String, java.lang.String, java.lang.String, java.lang.String, java.lang.String, java.lang.String, java.lang.String, java.lang.String, java.lang.String)[pri:0, instance:TestLink.TestCases.userManagement.TS_TL_003_AddUser@52f27fbd]" started-at="2020-05-30T17:25:39Z" name="CreateUserValidCase" data-provider="addUserValidCase" finished-at="2020-05-30T17:25:49Z" duration-ms="9305" status="PASS">
          <params>
            <param index="0">
              <value>
                <![CDATA[useraaa]]>
              </value>
            </param>
            <param index="1">
              <value>
                <![CDATA[first aaa]]>
              </value>
            </param>
            <param index="2">
              <value>
                <![CDATA[last aaa]]>
              </value>
            </param>
            <param index="3">
              <value>
                <![CDATA[passaaa]]>
              </value>
            </param>
            <param index="4">
              <value>
                <![CDATA[aaa@mail.com]]>
              </value>
            </param>
            <param index="5">
              <value>
                <![CDATA[tester]]>
              </value>
            </param>
            <param index="6">
              <value>
                <![CDATA[fr_FR]]>
              </value>
            </param>
            <param index="7">
              <value>
                <![CDATA[Default(DB)]]>
              </value>
            </param>
            <param index="8">
              <value>
                <![CDATA[yes]]>
              </value>
            </param>
            <param index="9">
              <value>
                <![CDATA[14/Jan/2021]]>
              </value>
            </param>
          </params>
          <reporter-output>
          </reporter-output>
        </test-method> <!-- CreateUserValidCase -->
        <test-method signature="LoginUserCreated()[pri:0, instance:TestLink.TestCases.userManagement.TS_TL_003_AddUser@52f27fbd]" started-at="2020-05-30T17:25:49Z" name="LoginUserCreated" finished-at="2020-05-30T17:25:55Z" duration-ms="5714" status="PASS">
          <reporter-output>
          </reporter-output>
        </test-method> <!-- LoginUserCreated -->
      </class> <!-- TestLink.TestCases.userManagement.TS_TL_003_AddUser -->
    </test> <!-- UserManagement -->
  </suite> <!-- TestLink Project -->
</testng-results>
