<?xml version="1.0" encoding="UTF-8"?>
<testng-results total="8" passed="8" failed="0" skipped="0">
  <reporter-output>
  </reporter-output>
  <suite started-at="2020-05-31T15:15:51Z" name="TestLink Project" finished-at="2020-05-31T15:16:49Z" duration-ms="58275">
    <groups>
    </groups>
    <test started-at="2020-05-31T15:15:51Z" name="login" finished-at="2020-05-31T15:16:31Z" duration-ms="40219">
      <class name="TestLink.TestCases.login.Login">
        <test-method signature="loginInvalidCase(java.lang.String, java.lang.String)[pri:0, instance:TestLink.TestCases.login.Login@1caa0244]" started-at="2020-05-31T16:15:53Z" name="loginInvalidCase" data-provider="LoginDataInvalidCase" finished-at="2020-05-31T16:15:59Z" duration-ms="5949" status="PASS">
          <params>
            <param index="0">
              <value>
                <![CDATA[admin]]>
              </value>
            </param>
            <param index="1">
              <value>
                <![CDATA[admin10]]>
              </value>
            </param>
          </params>
          <reporter-output>
          </reporter-output>
        </test-method> <!-- loginInvalidCase -->
        <test-method signature="loginInvalidCase(java.lang.String, java.lang.String)[pri:0, instance:TestLink.TestCases.login.Login@1caa0244]" started-at="2020-05-31T16:15:59Z" name="loginInvalidCase" data-provider="LoginDataInvalidCase" finished-at="2020-05-31T16:16:05Z" duration-ms="6063" status="PASS">
          <params>
            <param index="0">
              <value>
                <![CDATA[admin10]]>
              </value>
            </param>
            <param index="1">
              <value>
                <![CDATA[admin]]>
              </value>
            </param>
          </params>
          <reporter-output>
          </reporter-output>
        </test-method> <!-- loginInvalidCase -->
        <test-method signature="loginInvalidCase(java.lang.String, java.lang.String)[pri:0, instance:TestLink.TestCases.login.Login@1caa0244]" started-at="2020-05-31T16:16:05Z" name="loginInvalidCase" data-provider="LoginDataInvalidCase" finished-at="2020-05-31T16:16:10Z" duration-ms="5030" status="PASS">
          <params>
            <param index="0">
              <value>
                <![CDATA[abc]]>
              </value>
            </param>
            <param index="1">
              <value>
                <![CDATA[def]]>
              </value>
            </param>
          </params>
          <reporter-output>
          </reporter-output>
        </test-method> <!-- loginInvalidCase -->
        <test-method signature="loginInvalidCase(java.lang.String, java.lang.String)[pri:0, instance:TestLink.TestCases.login.Login@1caa0244]" started-at="2020-05-31T16:16:10Z" name="loginInvalidCase" data-provider="LoginDataInvalidCase" finished-at="2020-05-31T16:16:17Z" duration-ms="6373" status="PASS">
          <params>
            <param index="0">
              <value>
                <![CDATA[admin]]>
              </value>
            </param>
            <param index="1">
              <value>
                <![CDATA[]]>
              </value>
            </param>
          </params>
          <reporter-output>
          </reporter-output>
        </test-method> <!-- loginInvalidCase -->
        <test-method signature="loginInvalidCase(java.lang.String, java.lang.String)[pri:0, instance:TestLink.TestCases.login.Login@1caa0244]" started-at="2020-05-31T16:16:17Z" name="loginInvalidCase" data-provider="LoginDataInvalidCase" finished-at="2020-05-31T16:16:23Z" duration-ms="6434" status="PASS">
          <params>
            <param index="0">
              <value>
                <![CDATA[]]>
              </value>
            </param>
            <param index="1">
              <value>
                <![CDATA[admin]]>
              </value>
            </param>
          </params>
          <reporter-output>
          </reporter-output>
        </test-method> <!-- loginInvalidCase -->
        <test-method signature="loginValidCase(java.lang.String, java.lang.String)[pri:0, instance:TestLink.TestCases.login.Login@1caa0244]" started-at="2020-05-31T16:16:23Z" name="loginValidCase" data-provider="LoginDataValidCase" finished-at="2020-05-31T16:16:31Z" duration-ms="7919" status="PASS">
          <params>
            <param index="0">
              <value>
                <![CDATA[admin]]>
              </value>
            </param>
            <param index="1">
              <value>
                <![CDATA[admin]]>
              </value>
            </param>
          </params>
          <reporter-output>
          </reporter-output>
        </test-method> <!-- loginValidCase -->
      </class> <!-- TestLink.TestCases.login.Login -->
    </test> <!-- login -->
    <test started-at="2020-05-31T15:16:31Z" name="UserManagement" finished-at="2020-05-31T15:16:49Z" duration-ms="17993">
      <class name="TestLink.TestCases.userManagement.CreateUser">
        <test-method signature="CreateUserValidCase(java.lang.String, java.lang.String, java.lang.String, java.lang.String, java.lang.String, java.lang.String, java.lang.String, java.lang.String, java.lang.String, java.lang.String)[pri:0, instance:TestLink.TestCases.userManagement.CreateUser@52f27fbd]" started-at="2020-05-31T16:16:31Z" name="CreateUserValidCase" data-provider="addUserValidCase" finished-at="2020-05-31T16:16:45Z" duration-ms="13350" status="PASS">
          <params>
            <param index="0">
              <value>
                <![CDATA[halabi]]>
              </value>
            </param>
            <param index="1">
              <value>
                <![CDATA[Rajae]]>
              </value>
            </param>
            <param index="2">
              <value>
                <![CDATA[HALABI]]>
              </value>
            </param>
            <param index="3">
              <value>
                <![CDATA[2020]]>
              </value>
            </param>
            <param index="4">
              <value>
                <![CDATA[halabi.rajae@gmail.com]]>
              </value>
            </param>
            <param index="5">
              <value>
                <![CDATA[tester]]>
              </value>
            </param>
            <param index="6">
              <value>
                <![CDATA[fr_FR]]>
              </value>
            </param>
            <param index="7">
              <value>
                <![CDATA[Default(DB)]]>
              </value>
            </param>
            <param index="8">
              <value>
                <![CDATA[yes]]>
              </value>
            </param>
            <param index="9">
              <value>
                <![CDATA[14/Jan/2021]]>
              </value>
            </param>
          </params>
          <reporter-output>
          </reporter-output>
        </test-method> <!-- CreateUserValidCase -->
        <test-method signature="LoginUserCreated()[pri:0, instance:TestLink.TestCases.userManagement.CreateUser@52f27fbd]" started-at="2020-05-31T16:16:45Z" name="LoginUserCreated" finished-at="2020-05-31T16:16:49Z" duration-ms="4590" status="PASS">
          <reporter-output>
          </reporter-output>
        </test-method> <!-- LoginUserCreated -->
      </class> <!-- TestLink.TestCases.userManagement.CreateUser -->
      <class name="TestLink.TestCases.login.Login">
        <test-method is-config="true" signature="setup()[pri:0, instance:TestLink.TestCases.login.Login@1caa0244]" started-at="2020-05-31T16:15:44Z" name="setup" finished-at="2020-05-31T16:15:51Z" duration-ms="6755" status="PASS">
          <reporter-output>
          </reporter-output>
        </test-method> <!-- setup -->
        <test-method is-config="true" signature="teardown()[pri:0, instance:TestLink.TestCases.login.Login@1caa0244]" started-at="2020-05-31T16:16:49Z" name="teardown" finished-at="2020-05-31T16:16:51Z" duration-ms="1670" status="PASS">
          <reporter-output>
          </reporter-output>
        </test-method> <!-- teardown -->
      </class> <!-- TestLink.TestCases.login.Login -->
    </test> <!-- UserManagement -->
  </suite> <!-- TestLink Project -->
</testng-results>
