<?xml version="1.0" encoding="UTF-8"?>
<!-- Generated by org.testng.reporters.JUnitXMLReporter -->
<testsuite hostname="rajae-PC" failures="0" tests="6" name="login" time="40.219" errors="0" timestamp="31 May 2020 15:16:31 GMT">
  <testcase classname="TestLink.TestCases.login.Login" name="loginInvalidCase" time="5.949"/>
  <testcase classname="TestLink.TestCases.login.Login" name="loginInvalidCase" time="6.063"/>
  <testcase classname="TestLink.TestCases.login.Login" name="loginInvalidCase" time="5.03"/>
  <testcase classname="TestLink.TestCases.login.Login" name="loginInvalidCase" time="6.373"/>
  <testcase classname="TestLink.TestCases.login.Login" name="loginInvalidCase" time="6.434"/>
  <testcase classname="TestLink.TestCases.login.Login" name="loginValidCase" time="7.919"/>
</testsuite> <!-- login -->
