<?xml version="1.0" encoding="UTF-8"?>
<!-- Generated by org.testng.reporters.JUnitXMLReporter -->
<testsuite hostname="rajae-PC" failures="0" tests="2" name="UserManagement" time="15.041" errors="0" timestamp="30 May 2020 16:25:55 GMT">
  <testcase classname="TestLink.TestCases.userManagement.TS_TL_003_AddUser" name="CreateUserValidCase" time="9.305"/>
  <testcase classname="TestLink.TestCases.userManagement.TS_TL_003_AddUser" name="LoginUserCreated" time="5.714"/>
</testsuite> <!-- UserManagement -->
